#
# There is insufficient memory for the Java Runtime Environment to continue.
# Native memory allocation (mmap) failed to map 75497472 bytes for G1 virtual space
# Possible reasons:
#   The system is out of physical RAM or swap space
#   The process is running with CompressedOops enabled, and the Java Heap may be blocking the growth of the native heap
# Possible solutions:
#   Reduce memory load on the system
#   Increase physical memory or swap space
#   Check if swap backing store is full
#   Decrease Java heap size (-Xmx/-Xms)
#   Decrease number of Java threads
#   Decrease Java thread stack sizes (-Xss)
#   Set larger code cache with -XX:ReservedCodeCacheSize=
#   JVM is running with Zero Based Compressed Oops mode in which the Java heap is
#     placed in the first 32GB address space. The Java Heap base address is the
#     maximum limit for the native heap growth. Please use -XX:HeapBaseMinAddress
#     to set the Java Heap base and to place the Java Heap above 32GB virtual address.
# This output file may be truncated or incomplete.
#
#  Out of Memory Error (os_windows.cpp:3541), pid=19684, tid=5088
#
# JRE version: OpenJDK Runtime Environment Temurin-17.0.4.1+1 (17.0.4.1+1) (build 17.0.4.1+1)
# Java VM: OpenJDK 64-Bit Server VM Temurin-17.0.4.1+1 (17.0.4.1+1, mixed mode, emulated-client, tiered, compressed oops, compressed class ptrs, g1 gc, windows-amd64)
# No core dump will be written. Minidumps are not enabled by default on client versions of Windows
#

---------------  S U M M A R Y ------------

Command Line: -Dcom.sun.management.jmxremote -Dcom.sun.management.jmxremote.port=58792 -Dcom.sun.management.jmxremote.authenticate=false -Dcom.sun.management.jmxremote.ssl=false -Djava.rmi.server.hostname=localhost -Dspring.jmx.enabled=true -Dspring.application.admin.enabled=true -XX:TieredStopAtLevel=1 -Dspring.boot.project.name=proyecto_final -Dfile.encoding=UTF-8 -XX:+ShowCodeDetailsInExceptionMessages com.proyecto.app.ProyectoFinalApplication --spring.output.ansi.enabled=always

Host: Intel(R) Core(TM) i3-6006U CPU @ 2.00GHz, 4 cores, 11G,  Windows 10 , 64 bit Build 19041 (10.0.19041.2251)
Time: Thu Dec 15 04:51:10 2022 Hora est嫕dar de Argentina elapsed time: 580.404174 seconds (0d 0h 9m 40s)

---------------  T H R E A D  ---------------

Current thread (0x000002844058ac50):  VMThread "VM Thread" [stack: 0x000000f225600000,0x000000f225700000] [id=5088]

Stack: [0x000000f225600000,0x000000f225700000]
Native frames: (J=compiled Java code, j=interpreted, Vv=VM code, C=native code)
V  [jvm.dll+0x67731a]
V  [jvm.dll+0x832284]
V  [jvm.dll+0x833a2e]
V  [jvm.dll+0x834093]
V  [jvm.dll+0x245775]
V  [jvm.dll+0x674209]
V  [jvm.dll+0x668a92]
V  [jvm.dll+0x30471b]
V  [jvm.dll+0x30bc66]
V  [jvm.dll+0x35ba9e]
V  [jvm.dll+0x35bccf]
V  [jvm.dll+0x2db5b8]
V  [jvm.dll+0x2d986c]
V  [jvm.dll+0x2d8e3c]
V  [jvm.dll+0x31cd9b]
V  [jvm.dll+0x83853b]
V  [jvm.dll+0x839274]
V  [jvm.dll+0x83978c]
V  [jvm.dll+0x839b64]
V  [jvm.dll+0x839c30]
V  [jvm.dll+0x7e240a]
V  [jvm.dll+0x6761a5]
C  [ucrtbase.dll+0x21bb2]
C  [KERNEL32.DLL+0x174b4]
C  [ntdll.dll+0x526a1]

VM_Operation (0x000000f224ffca10): G1CollectForAllocation, mode: safepoint, requested by thread 0x0000028446024c90


---------------  P R O C E S S  ---------------

Threads class SMR info:
_java_thread_list=0x000002844621fb40, length=41, elements={
0x000002844056b2c0, 0x000002844056c540, 0x000002844102d4c0, 0x0000028441032950,
0x0000028441033210, 0x0000028441034270, 0x00000284410397e0, 0x000002844103b800,
0x000002844059ea40, 0x000002844124cae0, 0x0000028441846ce0, 0x0000028441834b30,
0x00000284419d5aa0, 0x000002844297b010, 0x000002844297d100, 0x00000284429886c0,
0x000002844299d260, 0x0000028442999d70, 0x0000028445bd7bd0, 0x0000028446028650,
0x0000028446024c90, 0x0000028446023950, 0x0000028446028b20, 0x00000284460217a0,
0x0000028446026e40, 0x00000284460242f0, 0x000002844144d5d0, 0x000002844144f970,
0x0000028446027cb0, 0x0000028446026970, 0x0000028446028ff0, 0x0000028446025160,
0x0000028446028180, 0x0000028446021c70, 0x0000028446025630, 0x0000028446022140,
0x0000028446025b00, 0x0000028446022610, 0x00000284460247c0, 0x0000028446022ae0,
0x0000028446022fb0
}

Java Threads: ( => current thread )
  0x000002844056b2c0 JavaThread "Reference Handler" daemon [_thread_blocked, id=15160, stack(0x000000f225700000,0x000000f225800000)]
  0x000002844056c540 JavaThread "Finalizer" daemon [_thread_blocked, id=9696, stack(0x000000f225800000,0x000000f225900000)]
  0x000002844102d4c0 JavaThread "Signal Dispatcher" daemon [_thread_blocked, id=6092, stack(0x000000f225900000,0x000000f225a00000)]
  0x0000028441032950 JavaThread "Attach Listener" daemon [_thread_blocked, id=20212, stack(0x000000f225a00000,0x000000f225b00000)]
  0x0000028441033210 JavaThread "Service Thread" daemon [_thread_blocked, id=19688, stack(0x000000f225b00000,0x000000f225c00000)]
  0x0000028441034270 JavaThread "Monitor Deflation Thread" daemon [_thread_blocked, id=17268, stack(0x000000f225c00000,0x000000f225d00000)]
  0x00000284410397e0 JavaThread "C1 CompilerThread0" daemon [_thread_blocked, id=14660, stack(0x000000f225d00000,0x000000f225e00000)]
  0x000002844103b800 JavaThread "Sweeper thread" daemon [_thread_blocked, id=15312, stack(0x000000f225e00000,0x000000f225f00000)]
  0x000002844059ea40 JavaThread "Common-Cleaner" daemon [_thread_blocked, id=21764, stack(0x000000f225f00000,0x000000f226000000)]
  0x000002844124cae0 JavaThread "Notification Thread" daemon [_thread_blocked, id=12096, stack(0x000000f226200000,0x000000f226300000)]
  0x0000028441846ce0 JavaThread "RMI TCP Accept-0" daemon [_thread_in_native, id=12008, stack(0x000000f226300000,0x000000f226400000)]
  0x0000028441834b30 JavaThread "RMI TCP Accept-58792" daemon [_thread_in_native, id=20416, stack(0x000000f226400000,0x000000f226500000)]
  0x00000284419d5aa0 JavaThread "RMI TCP Accept-0" daemon [_thread_in_native, id=19472, stack(0x000000f226a00000,0x000000f226b00000)]
  0x000002844297b010 JavaThread "RMI Scheduler(0)" daemon [_thread_blocked, id=9172, stack(0x000000f226d00000,0x000000f226e00000)]
  0x000002844297d100 JavaThread "RMI TCP Connection(idle)" daemon [_thread_blocked, id=15612, stack(0x000000f226e00000,0x000000f226f00000)]
  0x00000284429886c0 JavaThread "JMX server connection timeout 21" daemon [_thread_blocked, id=4932, stack(0x000000f226f00000,0x000000f227000000)]
  0x000002844299d260 JavaThread "mysql-cj-abandoned-connection-cleanup" daemon [_thread_blocked, id=3816, stack(0x000000f227200000,0x000000f227300000)]
  0x0000028442999d70 JavaThread "Live Reload Server" daemon [_thread_in_native, id=8324, stack(0x000000f227a00000,0x000000f227b00000)]
  0x0000028445bd7bd0 JavaThread "DestroyJavaVM" [_thread_blocked, id=13248, stack(0x000000f225000000,0x000000f225100000)]
  0x0000028446028650 JavaThread "Thread-31" [_thread_blocked, id=3020, stack(0x000000f224d00000,0x000000f224e00000)]
  0x0000028446024c90 JavaThread "restartedMain" [_thread_blocked, id=14184, stack(0x000000f224f00000,0x000000f225000000)]
  0x0000028446023950 JavaThread "HikariPool-9 housekeeper" daemon [_thread_blocked, id=4100, stack(0x000000f224e00000,0x000000f224f00000)]
  0x0000028446028b20 JavaThread "Catalina-utility-1" [_thread_blocked, id=18856, stack(0x000000f226c00000,0x000000f226d00000)]
  0x00000284460217a0 JavaThread "Catalina-utility-2" [_thread_blocked, id=10964, stack(0x000000f227000000,0x000000f227100000)]
  0x0000028446026e40 JavaThread "container-0" [_thread_blocked, id=22164, stack(0x000000f227100000,0x000000f227200000)]
  0x00000284460242f0 JavaThread "HikariPool-9 connection adder" daemon [_thread_blocked, id=8404, stack(0x000000f227400000,0x000000f227500000)]
  0x000002844144d5d0 JavaThread "C1 CompilerThread1" daemon [_thread_blocked, id=17520, stack(0x000000f227500000,0x000000f227600000)]
  0x000002844144f970 JavaThread "C1 CompilerThread2" daemon [_thread_blocked, id=12224, stack(0x000000f227600000,0x000000f227700000)]
  0x0000028446027cb0 JavaThread "File Watcher" daemon [_thread_blocked, id=6832, stack(0x000000f227700000,0x000000f227800000)]
  0x0000028446026970 JavaThread "http-nio-8080-exec-1" daemon [_thread_blocked, id=2676, stack(0x000000f227800000,0x000000f227900000)]
  0x0000028446028ff0 JavaThread "http-nio-8080-exec-2" daemon [_thread_blocked, id=11528, stack(0x000000f227900000,0x000000f227a00000)]
  0x0000028446025160 JavaThread "http-nio-8080-exec-3" daemon [_thread_blocked, id=1548, stack(0x000000f227b00000,0x000000f227c00000)]
  0x0000028446028180 JavaThread "http-nio-8080-exec-4" daemon [_thread_blocked, id=18584, stack(0x000000f227c00000,0x000000f227d00000)]
  0x0000028446021c70 JavaThread "http-nio-8080-exec-5" daemon [_thread_blocked, id=9360, stack(0x000000f227d00000,0x000000f227e00000)]
  0x0000028446025630 JavaThread "http-nio-8080-exec-6" daemon [_thread_blocked, id=11444, stack(0x000000f227e00000,0x000000f227f00000)]
  0x0000028446022140 JavaThread "http-nio-8080-exec-7" daemon [_thread_blocked, id=1572, stack(0x000000f227f00000,0x000000f228000000)]
  0x0000028446025b00 JavaThread "http-nio-8080-exec-8" daemon [_thread_blocked, id=21548, stack(0x000000f228000000,0x000000f228100000)]
  0x0000028446022610 JavaThread "http-nio-8080-exec-9" daemon [_thread_blocked, id=14812, stack(0x000000f228100000,0x000000f228200000)]
  0x00000284460247c0 JavaThread "http-nio-8080-exec-10" daemon [_thread_blocked, id=20824, stack(0x000000f228200000,0x000000f228300000)]
  0x0000028446022ae0 JavaThread "http-nio-8080-Poller" daemon [_thread_in_native, id=14916, stack(0x000000f228300000,0x000000f228400000)]
  0x0000028446022fb0 JavaThread "http-nio-8080-Acceptor" daemon [_thread_in_native, id=9024, stack(0x000000f228400000,0x000000f228500000)]

Other Threads:
=>0x000002844058ac50 VMThread "VM Thread" [stack: 0x000000f225600000,0x000000f225700000] [id=5088]
  0x000002842eab0d10 WatcherThread [stack: 0x000000f226b00000,0x000000f226c00000] [id=8960]
  0x000002842eb0a410 GCTaskThread "GC Thread#0" [stack: 0x000000f225100000,0x000000f225200000] [id=22100]
  0x000002844199fdc0 GCTaskThread "GC Thread#1" [stack: 0x000000f226500000,0x000000f226600000] [id=312]
  0x00000284419a0070 GCTaskThread "GC Thread#2" [stack: 0x000000f226600000,0x000000f226700000] [id=5640]
  0x00000284419a0720 GCTaskThread "GC Thread#3" [stack: 0x000000f226700000,0x000000f226800000] [id=3584]
  0x000002842eb17810 ConcurrentGCThread "G1 Main Marker" [stack: 0x000000f225200000,0x000000f225300000] [id=13084]
  0x000002842eb18130 ConcurrentGCThread "G1 Conc#0" [stack: 0x000000f225300000,0x000000f225400000] [id=9140]
  0x00000284403e00a0 ConcurrentGCThread "G1 Refine#0" [stack: 0x000000f225400000,0x000000f225500000] [id=11548]
  0x00000284418392a0 ConcurrentGCThread "G1 Refine#1" [stack: 0x000000f226800000,0x000000f226900000] [id=11760]
  0x00000284418386a0 ConcurrentGCThread "G1 Refine#2" [stack: 0x000000f226900000,0x000000f226a00000] [id=16896]
  0x00000284403e09d0 ConcurrentGCThread "G1 Service" [stack: 0x000000f225500000,0x000000f225600000] [id=3764]

Threads with active compile tasks:

VM state: at safepoint (normal execution)

VM Mutex/Monitor currently owned by a thread:  ([mutex/lock_event])
[0x000002842eaaaee0] Threads_lock - owner thread: 0x000002844058ac50
[0x000002842eaab870] Heap_lock - owner thread: 0x0000028446024c90

Heap address: 0x0000000741e00000, size: 3042 MB, Compressed Oops mode: Zero based, Oop shift amount: 3

CDS archive(s) not mapped
Compressed class space mapped at: 0x0000000800000000-0x0000000840000000, reserved size: 1073741824
Narrow klass base: 0x0000000800000000, Narrow klass shift: 0, Narrow klass range: 0x40000000

GC Precious Log:
 CPUs: 4 total, 4 available
 Memory: 12162M
 Large Page Support: Disabled
 NUMA Support: Disabled
 Compressed Oops: Enabled (Zero based)
 Heap Region Size: 2M
 Heap Min Capacity: 8M
 Heap Initial Capacity: 192M
 Heap Max Capacity: 3042M
 Pre-touch: Disabled
 Parallel Workers: 4
 Concurrent Workers: 1
 Concurrent Refinement Workers: 4
 Periodic GC: Disabled

Heap:
 garbage-first heap   total 114688K, used 34225K [0x0000000741e00000, 0x0000000800000000)
  region size 2048K, 3 young (6144K), 3 survivors (6144K)
 Metaspace       used 74138K, committed 76160K, reserved 1122304K
  class space    used 10174K, committed 10752K, reserved 1048576K

Heap Regions: E=young(eden), S=young(survivor), O=old, HS=humongous(starts), HC=humongous(continues), CS=collection set, F=free, OA=open archive, CA=closed archive, TAMS=top-at-mark-start (previous, next)
|   0|0x0000000741e00000, 0x0000000742000000, 0x0000000742000000|100%| O|  |TAMS 0x0000000742000000, 0x0000000741e00000| Untracked 
|   1|0x0000000742000000, 0x00000007421ffff8, 0x0000000742200000| 99%| O|  |TAMS 0x0000000742000000, 0x0000000742000000| Untracked 
|   2|0x0000000742200000, 0x00000007423cad10, 0x0000000742400000| 89%| O|  |TAMS 0x0000000742200000, 0x0000000742200000| Untracked 
|   3|0x0000000742400000, 0x00000007425fff98, 0x0000000742600000| 99%| O|  |TAMS 0x0000000742400000, 0x0000000742400000| Untracked 
|   4|0x0000000742600000, 0x00000007427ffff8, 0x0000000742800000| 99%| O|  |TAMS 0x0000000742600000, 0x0000000742600000| Untracked 
|   5|0x0000000742800000, 0x00000007429fffe8, 0x0000000742a00000| 99%| O|  |TAMS 0x0000000742800000, 0x0000000742800000| Untracked 
|   6|0x0000000742a00000, 0x0000000742bfffe0, 0x0000000742c00000| 99%| O|  |TAMS 0x0000000742a00000, 0x0000000742a00000| Untracked 
|   7|0x0000000742c00000, 0x0000000742dffff8, 0x0000000742e00000| 99%| O|  |TAMS 0x0000000742c00000, 0x0000000742c00000| Untracked 
|   8|0x0000000742e00000, 0x0000000742fffff8, 0x0000000743000000| 99%| O|  |TAMS 0x0000000742e00000, 0x0000000742e00000| Untracked 
|   9|0x0000000743000000, 0x0000000743200000, 0x0000000743200000|100%| O|  |TAMS 0x0000000743000000, 0x0000000743000000| Untracked 
|  10|0x0000000743200000, 0x00000007433ffff0, 0x0000000743400000| 99%| O|  |TAMS 0x0000000743200000, 0x0000000743200000| Untracked 
|  11|0x0000000743400000, 0x0000000743497738, 0x0000000743600000| 29%| O|  |TAMS 0x0000000743400000, 0x0000000743400000| Untracked 
|  12|0x0000000743600000, 0x0000000743800000, 0x0000000743800000|100%| O|  |TAMS 0x0000000743600000, 0x0000000743600000| Untracked 
|  13|0x0000000743800000, 0x0000000743802d10, 0x0000000743a00000|  0%| O|  |TAMS 0x0000000743800000, 0x0000000743800000| Untracked 
|  14|0x0000000743a00000, 0x0000000743c00000, 0x0000000743c00000|100%| O|  |TAMS 0x0000000743a00000, 0x0000000743a00000| Untracked 
|  15|0x0000000743c00000, 0x0000000743c6eb60, 0x0000000743e00000| 21%| O|  |TAMS 0x0000000743c00000, 0x0000000743c00000| Untracked 
|  16|0x0000000743e00000, 0x0000000743f76000, 0x0000000744000000| 73%| O|  |TAMS 0x0000000743e00000, 0x0000000743e00000| Untracked 
|  17|0x0000000744000000, 0x0000000744000000, 0x0000000744200000|  0%| F|  |TAMS 0x0000000744000000, 0x0000000744000000| Untracked 
|  18|0x0000000744200000, 0x0000000744200000, 0x0000000744400000|  0%| F|  |TAMS 0x0000000744200000, 0x0000000744200000| Untracked 
|  19|0x0000000744400000, 0x0000000744400000, 0x0000000744600000|  0%| F|  |TAMS 0x0000000744400000, 0x0000000744400000| Untracked 
|  20|0x0000000744600000, 0x0000000744600000, 0x0000000744800000|  0%| F|  |TAMS 0x0000000744600000, 0x0000000744600000| Untracked 
|  21|0x0000000744800000, 0x0000000744800000, 0x0000000744a00000|  0%| F|  |TAMS 0x0000000744800000, 0x0000000744800000| Untracked 
|  22|0x0000000744a00000, 0x0000000744a00000, 0x0000000744c00000|  0%| F|  |TAMS 0x0000000744a00000, 0x0000000744a00000| Untracked 
|  23|0x0000000744c00000, 0x0000000744d22880, 0x0000000744e00000| 56%| S|CS|TAMS 0x0000000744c00000, 0x0000000744c00000| Complete 
|  24|0x0000000744e00000, 0x0000000745000000, 0x0000000745000000|100%| S|CS|TAMS 0x0000000744e00000, 0x0000000744e00000| Complete 
|  25|0x0000000745000000, 0x0000000745000000, 0x0000000745200000|  0%| F|  |TAMS 0x0000000745000000, 0x0000000745000000| Untracked 
|  26|0x0000000745200000, 0x0000000745400000, 0x0000000745400000|100%| S|CS|TAMS 0x0000000745200000, 0x0000000745200000| Complete 
|  27|0x0000000745400000, 0x0000000745400000, 0x0000000745600000|  0%| F|  |TAMS 0x0000000745400000, 0x0000000745400000| Untracked 
|  28|0x0000000745600000, 0x0000000745600000, 0x0000000745800000|  0%| F|  |TAMS 0x0000000745600000, 0x0000000745600000| Untracked 
|  29|0x0000000745800000, 0x0000000745800000, 0x0000000745a00000|  0%| F|  |TAMS 0x0000000745800000, 0x0000000745800000| Untracked 
|  30|0x0000000745a00000, 0x0000000745a00000, 0x0000000745c00000|  0%| F|  |TAMS 0x0000000745a00000, 0x0000000745a00000| Untracked 
|  31|0x0000000745c00000, 0x0000000745c00000, 0x0000000745e00000|  0%| F|  |TAMS 0x0000000745c00000, 0x0000000745c00000| Untracked 
|  32|0x0000000745e00000, 0x0000000745e00000, 0x0000000746000000|  0%| F|  |TAMS 0x0000000745e00000, 0x0000000745e00000| Untracked 
|  33|0x0000000746000000, 0x0000000746000000, 0x0000000746200000|  0%| F|  |TAMS 0x0000000746000000, 0x0000000746000000| Untracked 
|  34|0x0000000746200000, 0x0000000746200000, 0x0000000746400000|  0%| F|  |TAMS 0x0000000746200000, 0x0000000746200000| Untracked 
|  35|0x0000000746400000, 0x0000000746400000, 0x0000000746600000|  0%| F|  |TAMS 0x0000000746400000, 0x0000000746400000| Untracked 
|  36|0x0000000746600000, 0x0000000746600000, 0x0000000746800000|  0%| F|  |TAMS 0x0000000746600000, 0x0000000746600000| Untracked 
|  37|0x0000000746800000, 0x0000000746800000, 0x0000000746a00000|  0%| F|  |TAMS 0x0000000746800000, 0x0000000746800000| Untracked 
|  38|0x0000000746a00000, 0x0000000746a00000, 0x0000000746c00000|  0%| F|  |TAMS 0x0000000746a00000, 0x0000000746a00000| Untracked 
|  39|0x0000000746c00000, 0x0000000746c00000, 0x0000000746e00000|  0%| F|  |TAMS 0x0000000746c00000, 0x0000000746c00000| Untracked 
|  40|0x0000000746e00000, 0x0000000746e00000, 0x0000000747000000|  0%| F|  |TAMS 0x0000000746e00000, 0x0000000746e00000| Untracked 
|  41|0x0000000747000000, 0x0000000747000000, 0x0000000747200000|  0%| F|  |TAMS 0x0000000747000000, 0x0000000747000000| Untracked 
|  42|0x0000000747200000, 0x0000000747200000, 0x0000000747400000|  0%| F|  |TAMS 0x0000000747200000, 0x0000000747200000| Untracked 
|  43|0x0000000747400000, 0x0000000747400000, 0x0000000747600000|  0%| F|  |TAMS 0x0000000747400000, 0x0000000747400000| Untracked 
|  44|0x0000000747600000, 0x0000000747600000, 0x0000000747800000|  0%| F|  |TAMS 0x0000000747600000, 0x0000000747600000| Untracked 
|  45|0x0000000747800000, 0x0000000747800000, 0x0000000747a00000|  0%| F|  |TAMS 0x0000000747800000, 0x0000000747800000| Untracked 
|  46|0x0000000747a00000, 0x0000000747a00000, 0x0000000747c00000|  0%| F|  |TAMS 0x0000000747a00000, 0x0000000747a00000| Untracked 
|  47|0x0000000747c00000, 0x0000000747c00000, 0x0000000747e00000|  0%| F|  |TAMS 0x0000000747c00000, 0x0000000747c00000| Untracked 
|  48|0x0000000747e00000, 0x0000000747e00000, 0x0000000748000000|  0%| F|  |TAMS 0x0000000747e00000, 0x0000000747e00000| Untracked 
|  49|0x0000000748000000, 0x0000000748000000, 0x0000000748200000|  0%| F|  |TAMS 0x0000000748000000, 0x0000000748000000| Untracked 
|  50|0x0000000748200000, 0x0000000748200000, 0x0000000748400000|  0%| F|  |TAMS 0x0000000748200000, 0x0000000748200000| Untracked 
|  51|0x0000000748400000, 0x0000000748400000, 0x0000000748600000|  0%| F|  |TAMS 0x0000000748400000, 0x0000000748400000| Untracked 
|  52|0x0000000748600000, 0x0000000748600000, 0x0000000748800000|  0%| F|  |TAMS 0x0000000748600000, 0x0000000748600000| Untracked 
|  53|0x0000000748800000, 0x0000000748800000, 0x0000000748a00000|  0%| F|  |TAMS 0x0000000748800000, 0x0000000748800000| Untracked 
|  54|0x0000000748a00000, 0x0000000748a00000, 0x0000000748c00000|  0%| F|  |TAMS 0x0000000748a00000, 0x0000000748a00000| Untracked 
|  95|0x000000074dc00000, 0x000000074dc00000, 0x000000074de00000|  0%| F|  |TAMS 0x000000074dc00000, 0x000000074dc00000| Untracked 

Card table byte_map: [0x0000028437400000,0x0000028437a00000] _byte_map_base: 0x00000284339f1000

Marking Bits (Prev, Next): (CMBitMap*) 0x000002842eb0a930, (CMBitMap*) 0x000002842eb0a970
 Prev Bits: [0x0000028438000000, 0x000002843af88000)
 Next Bits: [0x000002843af90000, 0x000002843df18000)

Polling page: 0x000002842eb80000

Metaspace:

Usage:
  Non-class:     62.46 MB used.
      Class:      9.94 MB used.
       Both:     72.40 MB used.

Virtual space:
  Non-class space:       72.00 MB reserved,      63.88 MB ( 89%) committed,  9 nodes.
      Class space:        1.00 GB reserved,      10.50 MB (  1%) committed,  1 nodes.
             Both:        1.07 GB reserved,      74.38 MB (  7%) committed. 

Chunk freelists:
   Non-Class:  5.20 MB
       Class:  1.75 MB
        Both:  6.95 MB

MaxMetaspaceSize: unlimited
CompressedClassSpaceSize: 1.00 GB
Initial GC threshold: 21.00 MB
Current GC threshold: 124.00 MB
CDS: off
MetaspaceReclaimPolicy: balanced
 - commit_granule_bytes: 65536.
 - commit_granule_words: 8192.
 - virtual_space_node_default_size: 1048576.
 - enlarge_chunks_in_place: 1.
 - new_chunks_are_fully_committed: 0.
 - uncommit_free_chunks: 1.
 - use_allocation_guard: 0.
 - handle_deallocations: 1.


Internal statistics:

num_allocs_failed_limit: 14.
num_arena_births: 1572.
num_arena_deaths: 612.
num_vsnodes_births: 10.
num_vsnodes_deaths: 0.
num_space_committed: 1215.
num_space_uncommitted: 25.
num_chunks_returned_to_freelist: 1025.
num_chunks_taken_from_freelist: 4537.
num_chunk_merges: 306.
num_chunk_splits: 2729.
num_chunks_enlarged: 1752.
num_purges: 16.
num_inconsistent_stats: 0.

CodeCache: size=49152Kb used=22387Kb max_used=22387Kb free=26765Kb
 bounds [0x0000028433960000, 0x0000028434f40000, 0x0000028436960000]
 total_blobs=12727 nmethods=12076 adapters=575
 compilation: enabled
              stopped_count=0, restarted_count=0
 full_count=0

Compilation events (20 events):
Event: 580.360 Thread 0x00000284410397e0 nmethod 12069 0x0000028434f39610 code [0x0000028434f397c0, 0x0000028434f399b8]
Event: 580.360 Thread 0x000002844144d5d0 12071       1       springfox.documentation.builders.ContentSpecificationBuilder::representationBuilderFor (19 bytes)
Event: 580.360 Thread 0x00000284410397e0 12072       1       springfox.documentation.builders.ContentSpecificationBuilder$$Lambda$1390/0x000000080090f838::apply (8 bytes)
Event: 580.360 Thread 0x000002844144f970 nmethod 12070 0x0000028434f39b10 code [0x0000028434f39cc0, 0x0000028434f39e38]
Event: 580.360 Thread 0x000002844144f970 12073       1       springfox.documentation.builders.ContentSpecificationBuilder::lambda$representationBuilderFor$1 (12 bytes)
Event: 580.360 Thread 0x000002844144d5d0 nmethod 12071 0x0000028434f39f10 code [0x0000028434f3a0a0, 0x0000028434f3a1c8]
Event: 580.360 Thread 0x00000284410397e0 nmethod 12072 0x0000028434f3a290 code [0x0000028434f3a420, 0x0000028434f3a6d8]
Event: 580.360 Thread 0x000002844144d5d0 12074       1       springfox.documentation.builders.ContentSpecificationBuilder::build (47 bytes)
Event: 580.360 Thread 0x000002844144f970 nmethod 12073 0x0000028434f3a810 code [0x0000028434f3a9a0, 0x0000028434f3abd8]
Event: 580.360 Thread 0x00000284410397e0 12075       1       springfox.documentation.builders.ContentSpecificationBuilder$$Lambda$1396/0x000000080090dd10::apply (8 bytes)
Event: 580.360 Thread 0x000002844144f970 12076       1       springfox.documentation.service.ContentSpecification::<init> (62 bytes)
Event: 580.360 Thread 0x00000284410397e0 nmethod 12075 0x0000028434f3ac90 code [0x0000028434f3ae20, 0x0000028434f3af48]
Event: 580.361 Thread 0x00000284410397e0 12077       1       springfox.documentation.service.ContentSpecification$$Lambda$1398/0x000000080090ca90::apply (8 bytes)
Event: 580.361 Thread 0x00000284410397e0 nmethod 12077 0x0000028434f3b010 code [0x0000028434f3b1a0, 0x0000028434f3b2b8]
Event: 580.361 Thread 0x00000284410397e0 12078       1       springfox.documentation.service.ContentSpecification$$Lambda$1399/0x000000080090ccc8::apply (8 bytes)
Event: 580.361 Thread 0x00000284410397e0 nmethod 12078 0x0000028434f3b390 code [0x0000028434f3b520, 0x0000028434f3b618]
Event: 580.361 Thread 0x00000284410397e0 12079       1       springfox.documentation.service.ContentSpecification::lambda$new$0 (2 bytes)
Event: 580.361 Thread 0x00000284410397e0 nmethod 12079 0x0000028434f3b690 code [0x0000028434f3b820, 0x0000028434f3b8d8]
Event: 580.361 Thread 0x000002844144d5d0 nmethod 12074 0x0000028434f3b990 code [0x0000028434f3bba0, 0x0000028434f3c058]
Event: 580.362 Thread 0x000002844144f970 nmethod 12076 0x0000028434f3c290 code [0x0000028434f3c4a0, 0x0000028434f3c9a8]

GC Heap History (20 events):
Event: 306.698 GC heap after
{Heap after GC invocations=50 (full 7):
 garbage-first heap   total 88064K, used 26043K [0x0000000741e00000, 0x0000000800000000)
  region size 2048K, 0 young (0K), 0 survivors (0K)
 Metaspace       used 72493K, committed 73152K, reserved 1114112K
  class space    used 9868K, committed 10176K, reserved 1048576K
}
Event: 307.276 GC heap before
{Heap before GC invocations=50 (full 7):
 garbage-first heap   total 88064K, used 64955K [0x0000000741e00000, 0x0000000800000000)
  region size 2048K, 20 young (40960K), 0 survivors (0K)
 Metaspace       used 72586K, committed 73216K, reserved 1114112K
  class space    used 9884K, committed 10176K, reserved 1048576K
}
Event: 307.280 GC heap after
{Heap after GC invocations=51 (full 7):
 garbage-first heap   total 88064K, used 28506K [0x0000000741e00000, 0x0000000800000000)
  region size 2048K, 2 young (4096K), 2 survivors (4096K)
 Metaspace       used 72586K, committed 73216K, reserved 1114112K
  class space    used 9884K, committed 10176K, reserved 1048576K
}
Event: 308.344 GC heap before
{Heap before GC invocations=51 (full 7):
 garbage-first heap   total 88064K, used 65370K [0x0000000741e00000, 0x0000000800000000)
  region size 2048K, 20 young (40960K), 2 survivors (4096K)
 Metaspace       used 72881K, committed 73536K, reserved 1114112K
  class space    used 9914K, committed 10240K, reserved 1048576K
}
Event: 308.358 GC heap after
{Heap after GC invocations=52 (full 7):
 garbage-first heap   total 88064K, used 31094K [0x0000000741e00000, 0x0000000800000000)
  region size 2048K, 3 young (6144K), 3 survivors (6144K)
 Metaspace       used 72881K, committed 73536K, reserved 1114112K
  class space    used 9914K, committed 10240K, reserved 1048576K
}
Event: 308.760 GC heap before
{Heap before GC invocations=52 (full 7):
 garbage-first heap   total 88064K, used 65910K [0x0000000741e00000, 0x0000000800000000)
  region size 2048K, 20 young (40960K), 3 survivors (6144K)
 Metaspace       used 73060K, committed 73728K, reserved 1114112K
  class space    used 9927K, committed 10240K, reserved 1048576K
}
Event: 308.770 GC heap after
{Heap after GC invocations=53 (full 7):
 garbage-first heap   total 88064K, used 32587K [0x0000000741e00000, 0x0000000800000000)
  region size 2048K, 3 young (6144K), 3 survivors (6144K)
 Metaspace       used 73060K, committed 73728K, reserved 1114112K
  class space    used 9927K, committed 10240K, reserved 1048576K
}
Event: 317.221 GC heap before
{Heap before GC invocations=53 (full 7):
 garbage-first heap   total 88064K, used 65355K [0x0000000741e00000, 0x0000000800000000)
  region size 2048K, 19 young (38912K), 3 survivors (6144K)
 Metaspace       used 73093K, committed 73728K, reserved 1114112K
  class space    used 9932K, committed 10240K, reserved 1048576K
}
Event: 317.230 GC heap after
{Heap after GC invocations=54 (full 7):
 garbage-first heap   total 88064K, used 34388K [0x0000000741e00000, 0x0000000800000000)
  region size 2048K, 2 young (4096K), 2 survivors (4096K)
 Metaspace       used 73093K, committed 73728K, reserved 1114112K
  class space    used 9932K, committed 10240K, reserved 1048576K
}
Event: 577.419 GC heap before
{Heap before GC invocations=54 (full 7):
 garbage-first heap   total 88064K, used 65108K [0x0000000741e00000, 0x0000000800000000)
  region size 2048K, 18 young (36864K), 2 survivors (4096K)
 Metaspace       used 76713K, committed 77568K, reserved 1122304K
  class space    used 10410K, committed 10816K, reserved 1048576K
}
Event: 577.437 GC heap after
{Heap after GC invocations=55 (full 7):
 garbage-first heap   total 88064K, used 35994K [0x0000000741e00000, 0x0000000800000000)
  region size 2048K, 2 young (4096K), 2 survivors (4096K)
 Metaspace       used 76713K, committed 77568K, reserved 1122304K
  class space    used 10410K, committed 10816K, reserved 1048576K
}
Event: 577.553 GC heap before
{Heap before GC invocations=55 (full 7):
 garbage-first heap   total 88064K, used 35994K [0x0000000741e00000, 0x0000000800000000)
  region size 2048K, 3 young (6144K), 2 survivors (4096K)
 Metaspace       used 76716K, committed 77568K, reserved 1122304K
  class space    used 10411K, committed 10816K, reserved 1048576K
}
Event: 577.679 GC heap after
{Heap after GC invocations=56 (full 8):
 garbage-first heap   total 88064K, used 23374K [0x0000000741e00000, 0x0000000800000000)
  region size 2048K, 0 young (0K), 0 survivors (0K)
 Metaspace       used 73513K, committed 76160K, reserved 1122304K
  class space    used 10102K, committed 10752K, reserved 1048576K
}
Event: 578.280 GC heap before
{Heap before GC invocations=56 (full 8):
 garbage-first heap   total 88064K, used 60238K [0x0000000741e00000, 0x0000000800000000)
  region size 2048K, 19 young (38912K), 0 survivors (0K)
 Metaspace       used 73602K, committed 76160K, reserved 1122304K
  class space    used 10118K, committed 10752K, reserved 1048576K
}
Event: 578.285 GC heap after
{Heap after GC invocations=57 (full 8):
 garbage-first heap   total 88064K, used 26609K [0x0000000741e00000, 0x0000000800000000)
  region size 2048K, 2 young (4096K), 2 survivors (4096K)
 Metaspace       used 73602K, committed 76160K, reserved 1122304K
  class space    used 10118K, committed 10752K, reserved 1048576K
}
Event: 579.452 GC heap before
{Heap before GC invocations=57 (full 8):
 garbage-first heap   total 88064K, used 63473K [0x0000000741e00000, 0x0000000800000000)
  region size 2048K, 20 young (40960K), 2 survivors (4096K)
 Metaspace       used 73800K, committed 76160K, reserved 1122304K
  class space    used 10141K, committed 10752K, reserved 1048576K
}
Event: 579.461 GC heap after
{Heap after GC invocations=58 (full 8):
 garbage-first heap   total 88064K, used 29518K [0x0000000741e00000, 0x0000000800000000)
  region size 2048K, 3 young (6144K), 3 survivors (6144K)
 Metaspace       used 73800K, committed 76160K, reserved 1122304K
  class space    used 10141K, committed 10752K, reserved 1048576K
}
Event: 579.814 GC heap before
{Heap before GC invocations=58 (full 8):
 garbage-first heap   total 88064K, used 64334K [0x0000000741e00000, 0x0000000800000000)
  region size 2048K, 20 young (40960K), 3 survivors (6144K)
 Metaspace       used 74075K, committed 76160K, reserved 1122304K
  class space    used 10161K, committed 10752K, reserved 1048576K
}
Event: 579.824 GC heap after
{Heap after GC invocations=59 (full 8):
 garbage-first heap   total 88064K, used 30995K [0x0000000741e00000, 0x0000000800000000)
  region size 2048K, 1 young (2048K), 1 survivors (2048K)
 Metaspace       used 74075K, committed 76160K, reserved 1122304K
  class space    used 10161K, committed 10752K, reserved 1048576K
}
Event: 580.387 GC heap before
{Heap before GC invocations=59 (full 8):
 garbage-first heap   total 88064K, used 63763K [0x0000000741e00000, 0x0000000800000000)
  region size 2048K, 17 young (34816K), 1 survivors (2048K)
 Metaspace       used 74138K, committed 76160K, reserved 1122304K
  class space    used 10174K, committed 10752K, reserved 1048576K
}

Deoptimization events (12 events):
Event: 2.523 Thread 0x000002844299c3f0 DEOPT PACKING pc=0x0000028433eb1ff9 sp=0x000000f2271fc730
Event: 2.524 Thread 0x000002844299c3f0 DEOPT UNPACKING pc=0x00000284339b2b43 sp=0x000000f2271fbc10 mode 3
Event: 3.785 Thread 0x000002844299c3f0 DEOPT PACKING pc=0x0000028433fff284 sp=0x000000f2271fd990
Event: 3.785 Thread 0x000002844299c3f0 DEOPT UNPACKING pc=0x00000284339b2b43 sp=0x000000f2271fce30 mode 0
Event: 4.422 Thread 0x000002844299c3f0 DEOPT PACKING pc=0x0000028433ec6fd4 sp=0x000000f2271fcc20
Event: 4.422 Thread 0x000002844299c3f0 DEOPT UNPACKING pc=0x00000284339b2b43 sp=0x000000f2271fc178 mode 0
Event: 5.611 Thread 0x000002844299c3f0 DEOPT PACKING pc=0x00000284341b9525 sp=0x000000f2271fc6f0
Event: 5.611 Thread 0x000002844299c3f0 DEOPT UNPACKING pc=0x00000284339b2b43 sp=0x000000f2271fbc58 mode 3
Event: 10.602 Thread 0x000002844299c3f0 DEOPT PACKING pc=0x0000028433ea1762 sp=0x000000f2271fd210
Event: 10.602 Thread 0x000002844299c3f0 DEOPT UNPACKING pc=0x00000284339b2b43 sp=0x000000f2271fc718 mode 3
Event: 10.694 Thread 0x000002844299c3f0 DEOPT PACKING pc=0x00000284343c8979 sp=0x000000f2271fb4e0
Event: 10.694 Thread 0x000002844299c3f0 DEOPT UNPACKING pc=0x00000284339b2b43 sp=0x000000f2271fa9c0 mode 3

Classes unloaded (20 events):
Event: 577.587 Thread 0x000002844058ac50 Unloading class 0x00000008009aa298 'com/proyecto/app/service/ITurnoService'
Event: 577.587 Thread 0x000002844058ac50 Unloading class 0x00000008009aa000 'com/proyecto/app/service/OrganizacionServiceImpl'
Event: 577.587 Thread 0x000002844058ac50 Unloading class 0x00000008009a9d58 'com/proyecto/app/service/IOrganizacionService'
Event: 577.587 Thread 0x000002844058ac50 Unloading class 0x00000008009a9ad0 'com/proyecto/app/service/EventoServiceImpl'
Event: 577.587 Thread 0x000002844058ac50 Unloading class 0x00000008009a98d8 'com/proyecto/app/service/IEventoService'
Event: 577.587 Thread 0x000002844058ac50 Unloading class 0x00000008009a9698 'com/proyecto/app/restcontroller/UsuarioController'
Event: 577.587 Thread 0x000002844058ac50 Unloading class 0x00000008009a9470 'com/proyecto/app/restcontroller/TurnoController'
Event: 577.587 Thread 0x000002844058ac50 Unloading class 0x00000008009a9238 'com/proyecto/app/restcontroller/OrganizacionController'
Event: 577.587 Thread 0x000002844058ac50 Unloading class 0x00000008009a9000 'com/proyecto/app/restcontroller/EventoController'
Event: 577.587 Thread 0x000002844058ac50 Unloading class 0x00000008009a8c00 'com/proyecto/app/disabler/ScheduledDisabler'
Event: 577.587 Thread 0x000002844058ac50 Unloading class 0x00000008009a2d30 'com/proyecto/app/controller/ApiRestControllerAdvice'
Event: 577.587 Thread 0x000002844058ac50 Unloading class 0x00000008009a2a00 'com/proyecto/app/SpringSecurityConfig'
Event: 577.587 Thread 0x000002844058ac50 Unloading class 0x00000008009a2800 'com/proyecto/app/ProyectoFinalApplication'
Event: 577.587 Thread 0x000002844058ac50 Unloading class 0x0000000800928c00 'jdk/internal/reflect/GeneratedConstructorAccessor46'
Event: 577.587 Thread 0x000002844058ac50 Unloading class 0x00000008008b5000 'jdk/internal/reflect/GeneratedConstructorAccessor45'
Event: 577.587 Thread 0x000002844058ac50 Unloading class 0x0000000800408800 'jdk/internal/reflect/GeneratedConstructorAccessor14'
Event: 577.587 Thread 0x000002844058ac50 Unloading class 0x0000000800408400 'jdk/internal/reflect/GeneratedConstructorAccessor13'
Event: 577.587 Thread 0x000002844058ac50 Unloading class 0x0000000800408000 'jdk/internal/reflect/GeneratedConstructorAccessor12'
Event: 577.587 Thread 0x000002844058ac50 Unloading class 0x00000008003fc400 'jdk/internal/reflect/GeneratedConstructorAccessor11'
Event: 577.587 Thread 0x000002844058ac50 Unloading class 0x00000008003fc000 'jdk/internal/reflect/GeneratedConstructorAccessor10'

Classes redefined (0 events):
No events

Internal exceptions (20 events):
Event: 578.734 Thread 0x0000028446024c90 Exception <a 'java/io/FileNotFoundException'{0x0000000745cbbe48}> (0x0000000745cbbe48) 
thrown [s\src\hotspot\share\prims\jni.cpp, line 516]
Event: 579.486 Thread 0x0000028446024c90 Exception <a 'java/lang/ClassNotFoundException'{0x000000074dddbba8}: java/lang/ObjectCustomizer> (0x000000074dddbba8) 
thrown [s\src\hotspot\share\classfile\systemDictionary.cpp, line 256]
Event: 579.487 Thread 0x0000028446024c90 Exception <a 'java/lang/ClassNotFoundException'{0x000000074dde75f8}: com/proyecto/app/entity/TurnoCustomizer> (0x000000074dde75f8) 
thrown [s\src\hotspot\share\classfile\systemDictionary.cpp, line 256]
Event: 579.490 Thread 0x0000028446024c90 Exception <a 'java/lang/ClassNotFoundException'{0x0000000748a213b0}: java/lang/ObjectCustomizer> (0x0000000748a213b0) 
thrown [s\src\hotspot\share\classfile\systemDictionary.cpp, line 256]
Event: 579.491 Thread 0x0000028446024c90 Exception <a 'java/lang/ClassNotFoundException'{0x0000000748a2c1b8}: com/proyecto/app/entity/UsuarioCustomizer> (0x0000000748a2c1b8) 
thrown [s\src\hotspot\share\classfile\systemDictionary.cpp, line 256]
Event: 579.500 Thread 0x0000028446024c90 Exception <a 'java/lang/ClassNotFoundException'{0x0000000748aa4118}: java/lang/ObjectCustomizer> (0x0000000748aa4118) 
thrown [s\src\hotspot\share\classfile\systemDictionary.cpp, line 256]
Event: 579.502 Thread 0x0000028446024c90 Exception <a 'java/lang/ClassNotFoundException'{0x0000000748aaee90}: com/proyecto/app/entity/EventoCustomizer> (0x0000000748aaee90) 
thrown [s\src\hotspot\share\classfile\systemDictionary.cpp, line 256]
Event: 579.506 Thread 0x0000028446024c90 Exception <a 'java/lang/ClassNotFoundException'{0x0000000748b17468}: java/lang/ObjectCustomizer> (0x0000000748b17468) 
thrown [s\src\hotspot\share\classfile\systemDictionary.cpp, line 256]
Event: 579.506 Thread 0x0000028446024c90 Exception <a 'java/lang/ClassNotFoundException'{0x0000000748b22390}: com/proyecto/app/entity/OrganizacionCustomizer> (0x0000000748b22390) 
thrown [s\src\hotspot\share\classfile\systemDictionary.cpp, line 256]
Event: 579.548 Thread 0x0000028446024c90 Exception <a 'java/lang/reflect/InvocationTargetException'{0x0000000746b345a8}> (0x0000000746b345a8) 
thrown [s\src\hotspot\share\runtime\reflection.cpp, line 1121]
Event: 579.551 Thread 0x0000028446024c90 Exception <a 'java/lang/reflect/InvocationTargetException'{0x0000000746b3d198}> (0x0000000746b3d198) 
thrown [s\src\hotspot\share\runtime\reflection.cpp, line 1121]
Event: 579.645 Thread 0x0000028446024c90 Exception <a 'java/lang/reflect/InvocationTargetException'{0x000000074636a2e0}> (0x000000074636a2e0) 
thrown [s\src\hotspot\share\runtime\reflection.cpp, line 1121]
Event: 579.647 Thread 0x0000028446024c90 Exception <a 'java/lang/reflect/InvocationTargetException'{0x0000000746374e60}> (0x0000000746374e60) 
thrown [s\src\hotspot\share\runtime\reflection.cpp, line 1121]
Event: 579.649 Thread 0x0000028446024c90 Exception <a 'java/lang/reflect/InvocationTargetException'{0x0000000746383708}> (0x0000000746383708) 
thrown [s\src\hotspot\share\runtime\reflection.cpp, line 1121]
Event: 579.650 Thread 0x0000028446024c90 Exception <a 'java/lang/reflect/InvocationTargetException'{0x000000074638e088}> (0x000000074638e088) 
thrown [s\src\hotspot\share\runtime\reflection.cpp, line 1121]
Event: 579.697 Thread 0x0000028446024c90 Exception <a 'java/lang/reflect/InvocationTargetException'{0x0000000745d71e40}> (0x0000000745d71e40) 
thrown [s\src\hotspot\share\runtime\reflection.cpp, line 1121]
Event: 579.698 Thread 0x0000028446024c90 Exception <a 'java/lang/reflect/InvocationTargetException'{0x0000000745d7d930}> (0x0000000745d7d930) 
thrown [s\src\hotspot\share\runtime\reflection.cpp, line 1121]
Event: 579.751 Thread 0x0000028446024c90 Exception <a 'java/lang/reflect/InvocationTargetException'{0x00000007454868b8}> (0x00000007454868b8) 
thrown [s\src\hotspot\share\runtime\reflection.cpp, line 1121]
Event: 579.752 Thread 0x0000028446024c90 Exception <a 'java/lang/reflect/InvocationTargetException'{0x000000074548f5e8}> (0x000000074548f5e8) 
thrown [s\src\hotspot\share\runtime\reflection.cpp, line 1121]
Event: 579.753 Thread 0x0000028446024c90 Exception <a 'java/lang/reflect/InvocationTargetException'{0x00000007454982b8}> (0x00000007454982b8) 
thrown [s\src\hotspot\share\runtime\reflection.cpp, line 1121]

VM Operations (20 events):
Event: 354.734 Executing VM operation: Cleanup done
Event: 355.734 Executing VM operation: Cleanup
Event: 355.734 Executing VM operation: Cleanup done
Event: 379.895 Executing VM operation: Cleanup
Event: 379.895 Executing VM operation: Cleanup done
Event: 428.311 Executing VM operation: Cleanup
Event: 428.311 Executing VM operation: Cleanup done
Event: 577.419 Executing VM operation: G1CollectForAllocation
Event: 577.437 Executing VM operation: G1CollectForAllocation done
Event: 577.553 Executing VM operation: G1CollectFull
Event: 577.679 Executing VM operation: G1CollectFull done
Event: 578.280 Executing VM operation: G1CollectForAllocation
Event: 578.285 Executing VM operation: G1CollectForAllocation done
Event: 579.298 Executing VM operation: Cleanup
Event: 579.298 Executing VM operation: Cleanup done
Event: 579.452 Executing VM operation: G1CollectForAllocation
Event: 579.461 Executing VM operation: G1CollectForAllocation done
Event: 579.814 Executing VM operation: G1CollectForAllocation
Event: 579.824 Executing VM operation: G1CollectForAllocation done
Event: 580.387 Executing VM operation: G1CollectForAllocation

Events (20 events):
Event: 579.500 loading class java/lang/ObjectCustomizer done
Event: 579.506 loading class java/lang/ObjectCustomizer
Event: 579.506 loading class java/lang/ObjectCustomizer done
Event: 579.506 loading class java/lang/ObjectCustomizer
Event: 579.506 loading class java/lang/ObjectCustomizer done
Event: 580.069 loading class java/time/DurationEditor
Event: 580.069 loading class java/time/DurationEditor done
Event: 580.237 Thread 0x0000028446027cb0 Thread added: 0x0000028446027cb0
Event: 580.256 Thread 0x0000028446026970 Thread added: 0x0000028446026970
Event: 580.257 Thread 0x0000028446028ff0 Thread added: 0x0000028446028ff0
Event: 580.257 Thread 0x0000028446025160 Thread added: 0x0000028446025160
Event: 580.257 Thread 0x0000028446028180 Thread added: 0x0000028446028180
Event: 580.257 Thread 0x0000028446021c70 Thread added: 0x0000028446021c70
Event: 580.257 Thread 0x0000028446025630 Thread added: 0x0000028446025630
Event: 580.258 Thread 0x0000028446022140 Thread added: 0x0000028446022140
Event: 580.258 Thread 0x0000028446025b00 Thread added: 0x0000028446025b00
Event: 580.258 Thread 0x0000028446022610 Thread added: 0x0000028446022610
Event: 580.258 Thread 0x00000284460247c0 Thread added: 0x00000284460247c0
Event: 580.261 Thread 0x0000028446022ae0 Thread added: 0x0000028446022ae0
Event: 580.261 Thread 0x0000028446022fb0 Thread added: 0x0000028446022fb0


Dynamic libraries:
0x00007ff6fa8f0000 - 0x00007ff6fa8fe000 	C:\Users\cecil\Desktop\Informatorio\Etapa 3\Java\SpringEclipse\sts-4.16.0.RELEASE\plugins\org.eclipse.justj.openjdk.hotspot.jre.full.win32.x86_64_17.0.4.v20220903-1038\jre\bin\javaw.exe
0x00007ff8dd8f0000 - 0x00007ff8ddae8000 	C:\WINDOWS\SYSTEM32\ntdll.dll
0x00007ff8dc5a0000 - 0x00007ff8dc65f000 	C:\WINDOWS\System32\KERNEL32.DLL
0x00007ff8db050000 - 0x00007ff8db322000 	C:\WINDOWS\System32\KERNELBASE.dll
0x00007ff8db330000 - 0x00007ff8db430000 	C:\WINDOWS\System32\ucrtbase.dll
0x00007ff8d4170000 - 0x00007ff8d4188000 	C:\Users\cecil\Desktop\Informatorio\Etapa 3\Java\SpringEclipse\sts-4.16.0.RELEASE\plugins\org.eclipse.justj.openjdk.hotspot.jre.full.win32.x86_64_17.0.4.v20220903-1038\jre\bin\jli.dll
0x00007ff8dc330000 - 0x00007ff8dc4cd000 	C:\WINDOWS\System32\USER32.dll
0x00007ff8db020000 - 0x00007ff8db042000 	C:\WINDOWS\System32\win32u.dll
0x00007ff8dd050000 - 0x00007ff8dd07b000 	C:\WINDOWS\System32\GDI32.dll
0x00007ff8db830000 - 0x00007ff8db93f000 	C:\WINDOWS\System32\gdi32full.dll
0x00007ff8db6e0000 - 0x00007ff8db77d000 	C:\WINDOWS\System32\msvcp_win.dll
0x00007ff8d42e0000 - 0x00007ff8d42f9000 	C:\Users\cecil\Desktop\Informatorio\Etapa 3\Java\SpringEclipse\sts-4.16.0.RELEASE\plugins\org.eclipse.justj.openjdk.hotspot.jre.full.win32.x86_64_17.0.4.v20220903-1038\jre\bin\VCRUNTIME140.dll
0x00007ff8c90a0000 - 0x00007ff8c933a000 	C:\WINDOWS\WinSxS\amd64_microsoft.windows.common-controls_6595b64144ccf1df_6.0.19041.1110_none_60b5254171f9507e\COMCTL32.dll
0x00007ff8dcb30000 - 0x00007ff8dcbce000 	C:\WINDOWS\System32\msvcrt.dll
0x00007ff8dcf10000 - 0x00007ff8dcf42000 	C:\WINDOWS\System32\IMM32.DLL
0x00007ff8d66b0000 - 0x00007ff8d66bc000 	C:\Users\cecil\Desktop\Informatorio\Etapa 3\Java\SpringEclipse\sts-4.16.0.RELEASE\plugins\org.eclipse.justj.openjdk.hotspot.jre.full.win32.x86_64_17.0.4.v20220903-1038\jre\bin\vcruntime140_1.dll
0x00007ff8b0860000 - 0x00007ff8b08f1000 	C:\Users\cecil\Desktop\Informatorio\Etapa 3\Java\SpringEclipse\sts-4.16.0.RELEASE\plugins\org.eclipse.justj.openjdk.hotspot.jre.full.win32.x86_64_17.0.4.v20220903-1038\jre\bin\msvcp140.dll
0x00007ff878210000 - 0x00007ff878e56000 	C:\Users\cecil\Desktop\Informatorio\Etapa 3\Java\SpringEclipse\sts-4.16.0.RELEASE\plugins\org.eclipse.justj.openjdk.hotspot.jre.full.win32.x86_64_17.0.4.v20220903-1038\jre\bin\server\jvm.dll
0x00007ff8dce40000 - 0x00007ff8dceee000 	C:\WINDOWS\System32\ADVAPI32.dll
0x00007ff8dc290000 - 0x00007ff8dc32c000 	C:\WINDOWS\System32\sechost.dll
0x00007ff8dd080000 - 0x00007ff8dd1a5000 	C:\WINDOWS\System32\RPCRT4.dll
0x00007ff8dce30000 - 0x00007ff8dce38000 	C:\WINDOWS\System32\PSAPI.DLL
0x00007ff8bf190000 - 0x00007ff8bf1b7000 	C:\WINDOWS\SYSTEM32\WINMM.dll
0x00007ff8d6630000 - 0x00007ff8d6639000 	C:\WINDOWS\SYSTEM32\WSOCK32.dll
0x00007ff8d1f00000 - 0x00007ff8d1f0a000 	C:\WINDOWS\SYSTEM32\VERSION.dll
0x00007ff8dd840000 - 0x00007ff8dd8ab000 	C:\WINDOWS\System32\WS2_32.dll
0x00007ff8d9840000 - 0x00007ff8d9852000 	C:\WINDOWS\SYSTEM32\kernel.appcore.dll
0x00007ff8d4fd0000 - 0x00007ff8d4fda000 	C:\Users\cecil\Desktop\Informatorio\Etapa 3\Java\SpringEclipse\sts-4.16.0.RELEASE\plugins\org.eclipse.justj.openjdk.hotspot.jre.full.win32.x86_64_17.0.4.v20220903-1038\jre\bin\jimage.dll
0x00007ff8d9620000 - 0x00007ff8d9804000 	C:\WINDOWS\SYSTEM32\DBGHELP.DLL
0x00007ff8c28e0000 - 0x00007ff8c290c000 	C:\WINDOWS\SYSTEM32\dbgcore.DLL
0x00007ff8db430000 - 0x00007ff8db4b2000 	C:\WINDOWS\System32\bcryptPrimitives.dll
0x00007ff8d29e0000 - 0x00007ff8d2a05000 	C:\Users\cecil\Desktop\Informatorio\Etapa 3\Java\SpringEclipse\sts-4.16.0.RELEASE\plugins\org.eclipse.justj.openjdk.hotspot.jre.full.win32.x86_64_17.0.4.v20220903-1038\jre\bin\java.dll
0x00007ff8d2f20000 - 0x00007ff8d2f38000 	C:\Users\cecil\Desktop\Informatorio\Etapa 3\Java\SpringEclipse\sts-4.16.0.RELEASE\plugins\org.eclipse.justj.openjdk.hotspot.jre.full.win32.x86_64_17.0.4.v20220903-1038\jre\bin\zip.dll
0x00007ff8dbb40000 - 0x00007ff8dc283000 	C:\WINDOWS\System32\SHELL32.dll
0x00007ff8d8e80000 - 0x00007ff8d9612000 	C:\WINDOWS\SYSTEM32\windows.storage.dll
0x00007ff8dd3a0000 - 0x00007ff8dd6f4000 	C:\WINDOWS\System32\combase.dll
0x00007ff8da970000 - 0x00007ff8da9a0000 	C:\WINDOWS\SYSTEM32\Wldp.dll
0x00007ff8dcd80000 - 0x00007ff8dce2d000 	C:\WINDOWS\System32\SHCORE.dll
0x00007ff8dd1b0000 - 0x00007ff8dd205000 	C:\WINDOWS\System32\shlwapi.dll
0x00007ff8daf30000 - 0x00007ff8daf4f000 	C:\WINDOWS\SYSTEM32\profapi.dll
0x00007ff8d2e10000 - 0x00007ff8d2e29000 	C:\Users\cecil\Desktop\Informatorio\Etapa 3\Java\SpringEclipse\sts-4.16.0.RELEASE\plugins\org.eclipse.justj.openjdk.hotspot.jre.full.win32.x86_64_17.0.4.v20220903-1038\jre\bin\net.dll
0x00007ff8cbc60000 - 0x00007ff8cbd6c000 	C:\WINDOWS\SYSTEM32\WINHTTP.dll
0x00007ff8da6d0000 - 0x00007ff8da73a000 	C:\WINDOWS\system32\mswsock.dll
0x00007ff8d2c20000 - 0x00007ff8d2c35000 	C:\Users\cecil\Desktop\Informatorio\Etapa 3\Java\SpringEclipse\sts-4.16.0.RELEASE\plugins\org.eclipse.justj.openjdk.hotspot.jre.full.win32.x86_64_17.0.4.v20220903-1038\jre\bin\nio.dll
0x00007ff8d42b0000 - 0x00007ff8d42b9000 	C:\Users\cecil\Desktop\Informatorio\Etapa 3\Java\SpringEclipse\sts-4.16.0.RELEASE\plugins\org.eclipse.justj.openjdk.hotspot.jre.full.win32.x86_64_17.0.4.v20220903-1038\jre\bin\management.dll
0x00007ff8d2d10000 - 0x00007ff8d2d1b000 	C:\Users\cecil\Desktop\Informatorio\Etapa 3\Java\SpringEclipse\sts-4.16.0.RELEASE\plugins\org.eclipse.justj.openjdk.hotspot.jre.full.win32.x86_64_17.0.4.v20220903-1038\jre\bin\management_ext.dll
0x00007ff8cc8f0000 - 0x00007ff8cc907000 	C:\WINDOWS\system32\napinsp.dll
0x00007ff8d1d70000 - 0x00007ff8d1d8b000 	C:\WINDOWS\system32\pnrpnsp.dll
0x00007ff8d5b70000 - 0x00007ff8d5b85000 	C:\WINDOWS\system32\wshbth.dll
0x00007ff8d64d0000 - 0x00007ff8d64ed000 	C:\WINDOWS\system32\NLAapi.dll
0x00007ff8da3c0000 - 0x00007ff8da3fb000 	C:\WINDOWS\SYSTEM32\IPHLPAPI.DLL
0x00007ff8da400000 - 0x00007ff8da4ca000 	C:\WINDOWS\SYSTEM32\DNSAPI.dll
0x00007ff8dd700000 - 0x00007ff8dd708000 	C:\WINDOWS\System32\NSI.dll
0x00007ff8d2ae0000 - 0x00007ff8d2af2000 	C:\WINDOWS\System32\winrnr.dll
0x00007ff8d1fc0000 - 0x00007ff8d1fca000 	C:\Windows\System32\rasadhlp.dll
0x00007ff8c7480000 - 0x00007ff8c7500000 	C:\WINDOWS\System32\fwpuclnt.dll
0x00007ff8daff0000 - 0x00007ff8db017000 	C:\WINDOWS\System32\bcrypt.dll
0x00007ff8da8d0000 - 0x00007ff8da8e8000 	C:\WINDOWS\SYSTEM32\CRYPTSP.dll
0x00007ff8d9ff0000 - 0x00007ff8da024000 	C:\WINDOWS\system32\rsaenh.dll
0x00007ff8daeb0000 - 0x00007ff8daede000 	C:\WINDOWS\SYSTEM32\USERENV.dll
0x00007ff8da8c0000 - 0x00007ff8da8cc000 	C:\WINDOWS\SYSTEM32\CRYPTBASE.dll
0x00007ff8cc490000 - 0x00007ff8cc4a7000 	C:\WINDOWS\SYSTEM32\dhcpcsvc6.DLL
0x00007ff8cecd0000 - 0x00007ff8ceced000 	C:\WINDOWS\SYSTEM32\dhcpcsvc.DLL
0x00007ff8d49a0000 - 0x00007ff8d49b0000 	C:\Users\cecil\Desktop\Informatorio\Etapa 3\Java\SpringEclipse\sts-4.16.0.RELEASE\plugins\org.eclipse.justj.openjdk.hotspot.jre.full.win32.x86_64_17.0.4.v20220903-1038\jre\bin\verify.dll
0x00007ff8d4740000 - 0x00007ff8d474e000 	C:\Users\cecil\Desktop\Informatorio\Etapa 3\Java\SpringEclipse\sts-4.16.0.RELEASE\plugins\org.eclipse.justj.openjdk.hotspot.jre.full.win32.x86_64_17.0.4.v20220903-1038\jre\bin\sunmscapi.dll
0x00007ff8db580000 - 0x00007ff8db6d6000 	C:\WINDOWS\System32\CRYPT32.dll
0x00007ff8da9e0000 - 0x00007ff8daa07000 	C:\WINDOWS\SYSTEM32\ncrypt.dll
0x00007ff8da9a0000 - 0x00007ff8da9db000 	C:\WINDOWS\SYSTEM32\NTASN1.dll
0x00007ff8d6680000 - 0x00007ff8d6687000 	C:\WINDOWS\system32\wshunix.dll

dbghelp: loaded successfully - version: 4.0.5 - missing functions: none
symbol engine: initialized successfully - sym options: 0x614 - pdb path: .;C:\Users\cecil\Desktop\Informatorio\Etapa 3\Java\SpringEclipse\sts-4.16.0.RELEASE\plugins\org.eclipse.justj.openjdk.hotspot.jre.full.win32.x86_64_17.0.4.v20220903-1038\jre\bin;C:\WINDOWS\SYSTEM32;C:\WINDOWS\WinSxS\amd64_microsoft.windows.common-controls_6595b64144ccf1df_6.0.19041.1110_none_60b5254171f9507e;C:\Users\cecil\Desktop\Informatorio\Etapa 3\Java\SpringEclipse\sts-4.16.0.RELEASE\plugins\org.eclipse.justj.openjdk.hotspot.jre.full.win32.x86_64_17.0.4.v20220903-1038\jre\bin\server

VM Arguments:
jvm_args: -Dcom.sun.management.jmxremote -Dcom.sun.management.jmxremote.port=58792 -Dcom.sun.management.jmxremote.authenticate=false -Dcom.sun.management.jmxremote.ssl=false -Djava.rmi.server.hostname=localhost -Dspring.jmx.enabled=true -Dspring.application.admin.enabled=true -XX:TieredStopAtLevel=1 -Dspring.boot.project.name=proyecto_final -Dfile.encoding=UTF-8 -XX:+ShowCodeDetailsInExceptionMessages 
java_command: com.proyecto.app.ProyectoFinalApplication --spring.output.ansi.enabled=always
java_class_path (initial): C:\Users\cecil\Desktop\Informatorio\Etapa 3\Java\SpringEclipse\proyecto_final\target\classes;C:\Users\cecil\.m2\repository\org\springframework\boot\spring-boot-starter-data-jpa\2.7.5\spring-boot-starter-data-jpa-2.7.5.jar;C:\Users\cecil\.m2\repository\org\springframework\boot\spring-boot-starter-aop\2.7.5\spring-boot-starter-aop-2.7.5.jar;C:\Users\cecil\.m2\repository\org\springframework\spring-aop\5.3.23\spring-aop-5.3.23.jar;C:\Users\cecil\.m2\repository\org\aspectj\aspectjweaver\1.9.7\aspectjweaver-1.9.7.jar;C:\Users\cecil\.m2\repository\org\springframework\boot\spring-boot-starter-jdbc\2.7.5\spring-boot-starter-jdbc-2.7.5.jar;C:\Users\cecil\.m2\repository\com\zaxxer\HikariCP\4.0.3\HikariCP-4.0.3.jar;C:\Users\cecil\.m2\repository\org\springframework\spring-jdbc\5.3.23\spring-jdbc-5.3.23.jar;C:\Users\cecil\.m2\repository\jakarta\transaction\jakarta.transaction-api\1.3.3\jakarta.transaction-api-1.3.3.jar;C:\Users\cecil\.m2\repository\jakarta\persistence\jakarta.persistence-api\2.2.3\jakarta.persistence-api-2.2.3.jar;C:\Users\cecil\.m2\repository\org\hibernate\hibernate-core\5.6.12.Final\hibernate-core-5.6.12.Final.jar;C:\Users\cecil\.m2\repository\net\bytebuddy\byte-buddy\1.12.18\byte-buddy-1.12.18.jar;C:\Users\cecil\.m2\repository\antlr\antlr\2.7.7\antlr-2.7.7.jar;C:\Users\cecil\.m2\repository\org\jboss\jandex\2.4.2.Final\jandex-2.4.2.Final.jar;C:\Users\cecil\.m2\repository\org\hibernate\common\hibernate-commons-annotations\5.1.2.Final\hibernate-commons-annotations-5.1.2.Final.jar;C:\Users\cecil\.m2\repository\org\glassfish\jaxb\jaxb-runtime\2.3.7\jaxb-runtime-2.3.7.jar;C:\Users\cecil\.m2\repository\org\glassfish\jaxb\txw2\2.3.7\txw2-2.3.7.jar;C:\Users\cecil\.m2\repository\com\sun\istack\istack-commons-runtime\3.0.12\istack-commons-runtime-3.0.12.jar;C:\Users\cecil\.m2\repository\com\sun\activation\jakarta.activation\1.2.2\jakarta.activation-1.2.2.jar;C:\Users\cecil\.m2\repository\org\springframework\data\spring-data-jpa\2.7.5\spring-d
Launcher Type: SUN_STANDARD

[Global flags]
     intx CICompilerCount                          = 3                                         {product} {ergonomic}
     uint ConcGCThreads                            = 1                                         {product} {ergonomic}
     uint G1ConcRefinementThreads                  = 4                                         {product} {ergonomic}
   size_t G1HeapRegionSize                         = 2097152                                   {product} {ergonomic}
    uintx GCDrainStackTargetSize                   = 64                                        {product} {ergonomic}
   size_t InitialHeapSize                          = 201326592                                 {product} {ergonomic}
     bool ManagementServer                         = true                                      {product} {command line}
   size_t MarkStackSize                            = 4194304                                   {product} {ergonomic}
   size_t MaxHeapSize                              = 3189768192                                {product} {ergonomic}
   size_t MaxNewSize                               = 1912602624                                {product} {ergonomic}
   size_t MinHeapDeltaBytes                        = 2097152                                   {product} {ergonomic}
   size_t MinHeapSize                              = 8388608                                   {product} {ergonomic}
    uintx NonProfiledCodeHeapSize                  = 0                                      {pd product} {ergonomic}
     bool ProfileInterpreter                       = false                                  {pd product} {command line}
    uintx ProfiledCodeHeapSize                     = 0                                      {pd product} {ergonomic}
     bool ShowCodeDetailsInExceptionMessages       = true                                   {manageable} {command line}
   size_t SoftMaxHeapSize                          = 3189768192                             {manageable} {ergonomic}
     intx TieredStopAtLevel                        = 1                                         {product} {command line}
     bool UseCompressedClassPointers               = true                           {product lp64_product} {ergonomic}
     bool UseCompressedOops                        = true                           {product lp64_product} {ergonomic}
     bool UseG1GC                                  = true                                      {product} {ergonomic}
     bool UseLargePagesIndividualAllocation        = false                                  {pd product} {ergonomic}

Logging:
Log output configuration:
 #0: stdout all=warning uptime,level,tags
 #1: stderr all=off uptime,level,tags

Environment Variables:
JAVA_HOME=C:\Program Files\Java\jdk-17.0.4.1
PATH=C:/Users/cecil/Desktop/Informatorio/Etapa 3/Java/SpringEclipse/sts-4.16.0.RELEASE//plugins/org.eclipse.justj.openjdk.hotspot.jre.full.win32.x86_64_17.0.4.v20220903-1038/jre/bin/server;C:/Users/cecil/Desktop/Informatorio/Etapa 3/Java/SpringEclipse/sts-4.16.0.RELEASE//plugins/org.eclipse.justj.openjdk.hotspot.jre.full.win32.x86_64_17.0.4.v20220903-1038/jre/bin;C:\Program Files\Common Files\Oracle\Java\javapath;C:\WINDOWS\system32;C:\WINDOWS;C:\WINDOWS\System32\Wbem;C:\WINDOWS\System32\WindowsPowerShell\v1.0\;C:\WINDOWS\System32\OpenSSH\;C:\Program Files\nodejs\;C:\Program Files\Git\cmd;C:\Users\cecil\Desktop\Informatorio\Etapa 3\Java\apache-maven-3.8.6\bin;C:\Program Files\Java\jdk-17.0.4.1\bin;C:\Users\cecil\AppData\Local\Programs\Python\Python310\Scripts\;C:\Users\cecil\AppData\Local\Programs\Python\Python310\;C:\Users\cecil\AppData\Local\Microsoft\WindowsApps;C:\Users\cecil\AppData\Roaming\npm;C:\Program Files\heroku\bin;E:\Microsoft VS Code\bin;C:\Program Files\Azure Data Studio\bin;C:\Users\cecil\Desktop\Informatorio\Etapa 3\Java\SpringEclipse\sts-4.16.0.RELEASE;
USERNAME=cecil
OS=Windows_NT
PROCESSOR_IDENTIFIER=Intel64 Family 6 Model 78 Stepping 3, GenuineIntel
TMP=C:\Users\cecil\AppData\Local\Temp
TEMP=C:\Users\cecil\AppData\Local\Temp



---------------  S Y S T E M  ---------------

OS:
 Windows 10 , 64 bit Build 19041 (10.0.19041.2251)
OS uptime: 19 days 11:55 hours

CPU: total 4 (initial active 4) (2 cores per cpu, 2 threads per core) family 6 model 78 stepping 3 microcode 0xcc, cx8, cmov, fxsr, ht, mmx, 3dnowpref, sse, sse2, sse3, ssse3, sse4.1, sse4.2, popcnt, lzcnt, tsc, tscinvbit, avx, avx2, aes, erms, clmul, bmi1, bmi2, adx, fma, vzeroupper, clflush, clflushopt

Memory: 4k page, system-wide physical 12162M (2512M free)
TotalPageFile size 37406M (AvailPageFile size 21M)
current process WorkingSet (physical memory assigned to process): 263M, peak: 263M
current process commit charge ("private bytes"): 315M, peak: 387M

vm_info: OpenJDK 64-Bit Server VM (17.0.4.1+1) for windows-amd64 JRE (17.0.4.1+1), built on Aug 17 2022 07:42:43 by "temurin" with MS VC++ 16.7 (VS2019)

END.
